{"contracts/Oracle.sol":{"l":{"60":8,"61":6,"62":6,"66":21,"67":21,"71":6,"72":4,"73":2,"74":2,"87":10,"88":10,"96":4,"99":2,"100":2,"102":2,"103":1,"105":2,"111":2,"113":2,"124":1,"126":2,"132":2,"134":2,"149":5,"150":3,"151":3,"155":1,"156":1},"path":"/home/mx/Dev/curve/prime_dao/new_research/research/10-d2d-extended/contracts/Oracle.sol","s":{"1":8,"2":6,"3":21,"4":6,"5":4,"6":2,"7":2,"8":10,"9":10,"10":4,"11":2,"12":2,"13":2,"14":1,"15":2,"16":2,"17":2,"18":1,"19":2,"20":2,"21":2,"22":5,"23":3,"24":3,"25":1,"26":1},"b":{"1":[6,2],"2":[21,0],"3":[4,2],"4":[2,2],"5":[2,2],"6":[1,1],"7":[3,2],"8":[3,0],"9":[1,2]},"f":{"1":8,"2":21,"3":6,"4":10,"5":4,"6":5},"fnMap":{"1":{"name":"initializer","line":59,"loc":{"start":{"line":59,"column":4},"end":{"line":63,"column":4}}},"2":{"name":"protected","line":65,"loc":{"start":{"line":65,"column":4},"end":{"line":68,"column":4}}},"3":{"name":"initialize","line":70,"loc":{"start":{"line":70,"column":4},"end":{"line":75,"column":4}}},"4":{"name":"registerQuestion","line":86,"loc":{"start":{"line":79,"column":4},"end":{"line":89,"column":4}}},"5":{"name":"checkBalance","line":95,"loc":{"start":{"line":91,"column":4},"end":{"line":145,"column":4}}},"6":{"name":"updateTimeLock","line":148,"loc":{"start":{"line":148,"column":4},"end":{"line":157,"column":4}}}},"statementMap":{"1":{"start":{"line":60,"column":8},"end":{"line":60,"column":59}},"2":{"start":{"line":61,"column":8},"end":{"line":61,"column":25}},"3":{"start":{"line":66,"column":8},"end":{"line":66,"column":54}},"4":{"start":{"line":71,"column":8},"end":{"line":71,"column":102}},"5":{"start":{"line":72,"column":8},"end":{"line":72,"column":96}},"6":{"start":{"line":73,"column":8},"end":{"line":73,"column":33}},"7":{"start":{"line":74,"column":8},"end":{"line":74,"column":45}},"8":{"start":{"line":87,"column":8},"end":{"line":87,"column":91}},"9":{"start":{"line":88,"column":8},"end":{"line":88,"column":95}},"10":{"start":{"line":96,"column":8},"end":{"line":96,"column":3114}},"11":{"start":{"line":99,"column":8},"end":{"line":99,"column":118}},"12":{"start":{"line":100,"column":8},"end":{"line":100,"column":118}},"13":{"start":{"line":102,"column":8},"end":{"line":102,"column":3559}},"14":{"start":{"line":103,"column":12},"end":{"line":103,"column":3705}},"15":{"start":{"line":105,"column":16},"end":{"line":105,"column":3843}},"16":{"start":{"line":111,"column":16},"end":{"line":111,"column":113}},"17":{"start":{"line":113,"column":16},"end":{"line":113,"column":4273}},"18":{"start":{"line":124,"column":12},"end":{"line":124,"column":4689}},"19":{"start":{"line":126,"column":16},"end":{"line":126,"column":4827}},"20":{"start":{"line":132,"column":16},"end":{"line":132,"column":110}},"21":{"start":{"line":134,"column":16},"end":{"line":134,"column":5248}},"22":{"start":{"line":149,"column":8},"end":{"line":149,"column":118}},"23":{"start":{"line":150,"column":8},"end":{"line":150,"column":97}},"24":{"start":{"line":151,"column":8},"end":{"line":151,"column":6067}},"25":{"start":{"line":155,"column":8},"end":{"line":155,"column":62}},"26":{"start":{"line":156,"column":8},"end":{"line":156,"column":55}}},"branchMap":{"1":{"line":60,"type":"if","locations":[{"start":{"line":60,"column":8},"end":{"line":60,"column":8}},{"start":{"line":60,"column":8},"end":{"line":60,"column":8}}]},"2":{"line":66,"type":"if","locations":[{"start":{"line":66,"column":8},"end":{"line":66,"column":8}},{"start":{"line":66,"column":8},"end":{"line":66,"column":8}}]},"3":{"line":71,"type":"if","locations":[{"start":{"line":71,"column":8},"end":{"line":71,"column":8}},{"start":{"line":71,"column":8},"end":{"line":71,"column":8}}]},"4":{"line":72,"type":"if","locations":[{"start":{"line":72,"column":8},"end":{"line":72,"column":8}},{"start":{"line":72,"column":8},"end":{"line":72,"column":8}}]},"5":{"line":96,"type":"if","locations":[{"start":{"line":96,"column":8},"end":{"line":96,"column":8}},{"start":{"line":96,"column":8},"end":{"line":96,"column":8}}]},"6":{"line":102,"type":"if","locations":[{"start":{"line":102,"column":8},"end":{"line":102,"column":8}},{"start":{"line":102,"column":8},"end":{"line":102,"column":8}}]},"7":{"line":149,"type":"if","locations":[{"start":{"line":149,"column":8},"end":{"line":149,"column":8}},{"start":{"line":149,"column":8},"end":{"line":149,"column":8}}]},"8":{"line":150,"type":"if","locations":[{"start":{"line":150,"column":8},"end":{"line":150,"column":8}},{"start":{"line":150,"column":8},"end":{"line":150,"column":8}}]},"9":{"line":151,"type":"if","locations":[{"start":{"line":151,"column":8},"end":{"line":151,"column":8}},{"start":{"line":151,"column":8},"end":{"line":151,"column":8}}]}}},"contracts/schemes/CtfTreasury.sol":{"l":{"74":9,"75":7,"76":7,"80":12,"81":12,"82":6,"86":18,"87":18,"91":6,"92":4,"100":7,"101":5,"102":3,"103":3,"104":3,"108":1,"109":1,"113":4,"114":2,"115":2,"119":1,"130":9,"131":7,"136":5,"138":5,"139":5,"140":10,"145":10,"148":5,"149":5,"151":5,"164":9,"165":7,"170":5,"172":5,"174":5,"176":5,"179":5,"181":5,"182":5,"183":5,"196":4,"197":2,"198":2,"199":2,"200":2,"201":2,"205":2,"209":2,"212":2,"213":2,"214":2,"218":2,"229":1,"239":1,"249":5},"path":"/home/mx/Dev/curve/prime_dao/new_research/research/10-d2d-extended/contracts/schemes/CtfTreasury.sol","s":{"1":9,"2":7,"3":12,"4":12,"5":18,"6":6,"7":7,"8":5,"9":3,"10":3,"11":3,"12":1,"13":1,"14":4,"15":2,"16":2,"17":1,"18":9,"19":7,"20":5,"21":5,"22":5,"23":10,"24":10,"25":5,"26":5,"27":5,"28":9,"29":7,"30":5,"31":5,"32":5,"33":5,"34":5,"35":5,"36":5,"37":5,"38":4,"39":2,"40":2,"41":2,"42":2,"43":2,"44":2,"45":2,"46":2,"47":2,"48":2,"49":2,"50":1,"51":1,"52":5},"b":{"1":[7,2],"2":[12,0],"3":[6,6],"4":[18,0],"5":[4,2],"6":[5,2],"7":[3,2],"8":[2,2],"9":[7,2],"10":[5,2],"11":[7,2],"12":[5,2],"13":[5,0],"14":[2,2],"15":[2,0],"16":[2,0],"17":[2,0],"18":[2,0],"19":[2,0]},"f":{"1":9,"2":12,"3":18,"4":6,"5":7,"6":1,"7":4,"8":1,"9":9,"10":9,"11":4,"12":1,"13":1,"14":5},"fnMap":{"1":{"name":"initializer","line":73,"loc":{"start":{"line":73,"column":4},"end":{"line":77,"column":4}}},"2":{"name":"protected","line":79,"loc":{"start":{"line":79,"column":4},"end":{"line":83,"column":4}}},"3":{"name":"checkOracle","line":85,"loc":{"start":{"line":85,"column":4},"end":{"line":88,"column":4}}},"4":{"name":"onlyOracle","line":90,"loc":{"start":{"line":90,"column":4},"end":{"line":93,"column":4}}},"5":{"name":"initialize","line":99,"loc":{"start":{"line":95,"column":4},"end":{"line":105,"column":4}}},"6":{"name":"setFee","line":107,"loc":{"start":{"line":107,"column":4},"end":{"line":110,"column":4}}},"7":{"name":"setOracle","line":112,"loc":{"start":{"line":112,"column":4},"end":{"line":116,"column":4}}},"8":{"name":"setApproval","line":118,"loc":{"start":{"line":118,"column":4},"end":{"line":120,"column":4}}},"9":{"name":"createBinaryCondition","line":129,"loc":{"start":{"line":123,"column":4},"end":{"line":152,"column":4}}},"10":{"name":"splitBinaryCondition","line":163,"loc":{"start":{"line":155,"column":4},"end":{"line":184,"column":4}}},"11":{"name":"redeemPositions","line":195,"loc":{"start":{"line":187,"column":4},"end":{"line":221,"column":4}}},"12":{"name":"rescueTokens","line":228,"loc":{"start":{"line":228,"column":4},"end":{"line":230,"column":4}}},"13":{"name":"onERC1155Received","line":232,"loc":{"start":{"line":232,"column":4},"end":{"line":240,"column":4}}},"14":{"name":"onERC1155BatchReceived","line":242,"loc":{"start":{"line":242,"column":4},"end":{"line":250,"column":4}}}},"statementMap":{"1":{"start":{"line":74,"column":8},"end":{"line":74,"column":73}},"2":{"start":{"line":75,"column":8},"end":{"line":75,"column":25}},"3":{"start":{"line":80,"column":8},"end":{"line":80,"column":68}},"4":{"start":{"line":81,"column":8},"end":{"line":81,"column":81}},"5":{"start":{"line":86,"column":8},"end":{"line":86,"column":66}},"6":{"start":{"line":91,"column":8},"end":{"line":91,"column":83}},"7":{"start":{"line":100,"column":8},"end":{"line":100,"column":96}},"8":{"start":{"line":101,"column":8},"end":{"line":101,"column":107}},"9":{"start":{"line":102,"column":8},"end":{"line":102,"column":23}},"10":{"start":{"line":103,"column":8},"end":{"line":103,"column":45}},"11":{"start":{"line":104,"column":8},"end":{"line":104,"column":17}},"12":{"start":{"line":108,"column":8},"end":{"line":108,"column":20}},"13":{"start":{"line":109,"column":8},"end":{"line":109,"column":24}},"14":{"start":{"line":113,"column":8},"end":{"line":113,"column":74}},"15":{"start":{"line":114,"column":8},"end":{"line":114,"column":23}},"16":{"start":{"line":115,"column":8},"end":{"line":115,"column":39}},"17":{"start":{"line":119,"column":8},"end":{"line":119,"column":61}},"18":{"start":{"line":130,"column":8},"end":{"line":130,"column":82}},"19":{"start":{"line":131,"column":8},"end":{"line":131,"column":4192}},"20":{"start":{"line":136,"column":8},"end":{"line":136,"column":84}},"21":{"start":{"line":138,"column":8},"end":{"line":138,"column":105}},"22":{"start":{"line":139,"column":8},"end":{"line":139,"column":4605}},"23":{"start":{"line":140,"column":12},"end":{"line":140,"column":4675}},"24":{"start":{"line":145,"column":12},"end":{"line":145,"column":74}},"25":{"start":{"line":148,"column":8},"end":{"line":148,"column":101}},"26":{"start":{"line":149,"column":8},"end":{"line":149,"column":92}},"27":{"start":{"line":151,"column":8},"end":{"line":151,"column":99}},"28":{"start":{"line":164,"column":8},"end":{"line":164,"column":82}},"29":{"start":{"line":165,"column":8},"end":{"line":165,"column":5766}},"30":{"start":{"line":170,"column":8},"end":{"line":170,"column":105}},"31":{"start":{"line":172,"column":8},"end":{"line":172,"column":6094}},"32":{"start":{"line":174,"column":12},"end":{"line":174,"column":84}},"33":{"start":{"line":176,"column":12},"end":{"line":176,"column":80}},"34":{"start":{"line":179,"column":8},"end":{"line":179,"column":117}},"35":{"start":{"line":181,"column":8},"end":{"line":181,"column":101}},"36":{"start":{"line":182,"column":8},"end":{"line":182,"column":92}},"37":{"start":{"line":183,"column":8},"end":{"line":183,"column":98}},"38":{"start":{"line":196,"column":8},"end":{"line":196,"column":7291}},"39":{"start":{"line":197,"column":12},"end":{"line":197,"column":112}},"40":{"start":{"line":198,"column":12},"end":{"line":198,"column":7445}},"41":{"start":{"line":199,"column":16},"end":{"line":199,"column":99}},"42":{"start":{"line":200,"column":16},"end":{"line":200,"column":82}},"43":{"start":{"line":201,"column":16},"end":{"line":201,"column":7690}},"44":{"start":{"line":205,"column":16},"end":{"line":205,"column":7869}},"45":{"start":{"line":209,"column":16},"end":{"line":209,"column":97}},"46":{"start":{"line":212,"column":12},"end":{"line":212,"column":112}},"47":{"start":{"line":213,"column":12},"end":{"line":213,"column":8292}},"48":{"start":{"line":214,"column":16},"end":{"line":214,"column":8352}},"49":{"start":{"line":218,"column":16},"end":{"line":218,"column":71}},"50":{"start":{"line":229,"column":8},"end":{"line":229,"column":42}},"51":{"start":{"line":239,"column":8},"end":{"line":239,"column":46}},"52":{"start":{"line":249,"column":8},"end":{"line":249,"column":51}}},"branchMap":{"1":{"line":74,"type":"if","locations":[{"start":{"line":74,"column":8},"end":{"line":74,"column":8}},{"start":{"line":74,"column":8},"end":{"line":74,"column":8}}]},"2":{"line":80,"type":"if","locations":[{"start":{"line":80,"column":8},"end":{"line":80,"column":8}},{"start":{"line":80,"column":8},"end":{"line":80,"column":8}}]},"3":{"line":81,"type":"if","locations":[{"start":{"line":81,"column":8},"end":{"line":81,"column":8}},{"start":{"line":81,"column":8},"end":{"line":81,"column":8}}]},"4":{"line":86,"type":"if","locations":[{"start":{"line":86,"column":8},"end":{"line":86,"column":8}},{"start":{"line":86,"column":8},"end":{"line":86,"column":8}}]},"5":{"line":91,"type":"if","locations":[{"start":{"line":91,"column":8},"end":{"line":91,"column":8}},{"start":{"line":91,"column":8},"end":{"line":91,"column":8}}]},"6":{"line":100,"type":"if","locations":[{"start":{"line":100,"column":8},"end":{"line":100,"column":8}},{"start":{"line":100,"column":8},"end":{"line":100,"column":8}}]},"7":{"line":101,"type":"if","locations":[{"start":{"line":101,"column":8},"end":{"line":101,"column":8}},{"start":{"line":101,"column":8},"end":{"line":101,"column":8}}]},"8":{"line":113,"type":"if","locations":[{"start":{"line":113,"column":8},"end":{"line":113,"column":8}},{"start":{"line":113,"column":8},"end":{"line":113,"column":8}}]},"9":{"line":130,"type":"if","locations":[{"start":{"line":130,"column":8},"end":{"line":130,"column":8}},{"start":{"line":130,"column":8},"end":{"line":130,"column":8}}]},"10":{"line":131,"type":"if","locations":[{"start":{"line":131,"column":8},"end":{"line":131,"column":8}},{"start":{"line":131,"column":8},"end":{"line":131,"column":8}}]},"11":{"line":164,"type":"if","locations":[{"start":{"line":164,"column":8},"end":{"line":164,"column":8}},{"start":{"line":164,"column":8},"end":{"line":164,"column":8}}]},"12":{"line":165,"type":"if","locations":[{"start":{"line":165,"column":8},"end":{"line":165,"column":8}},{"start":{"line":165,"column":8},"end":{"line":165,"column":8}}]},"13":{"line":172,"type":"if","locations":[{"start":{"line":172,"column":8},"end":{"line":172,"column":8}},{"start":{"line":172,"column":8},"end":{"line":172,"column":8}}]},"14":{"line":196,"type":"if","locations":[{"start":{"line":196,"column":8},"end":{"line":196,"column":8}},{"start":{"line":196,"column":8},"end":{"line":196,"column":8}}]},"15":{"line":198,"type":"if","locations":[{"start":{"line":198,"column":12},"end":{"line":198,"column":12}},{"start":{"line":198,"column":12},"end":{"line":198,"column":12}}]},"16":{"line":201,"type":"if","locations":[{"start":{"line":201,"column":16},"end":{"line":201,"column":16}},{"start":{"line":201,"column":16},"end":{"line":201,"column":16}}]},"17":{"line":205,"type":"if","locations":[{"start":{"line":205,"column":16},"end":{"line":205,"column":16}},{"start":{"line":205,"column":16},"end":{"line":205,"column":16}}]},"18":{"line":213,"type":"if","locations":[{"start":{"line":213,"column":12},"end":{"line":213,"column":12}},{"start":{"line":213,"column":12},"end":{"line":213,"column":12}}]},"19":{"line":214,"type":"if","locations":[{"start":{"line":214,"column":16},"end":{"line":214,"column":16}},{"start":{"line":214,"column":16},"end":{"line":214,"column":16}}]}}}}